[14-Aug-2025 20:07:41 UTC] PHP Warning:  Cannot modify header information - headers already sent by (output started at /home/a/aleks9sw/tpolis.aleks9sw.beget.tech/public_html/wp-content/themes/untheme/inc/color-palette.php:1) in /home/a/aleks9sw/tpolis.aleks9sw.beget.tech/public_html/wp-includes/pluggable.php on line 1450
[14-Aug-2025 20:07:41 UTC] PHP Warning:  Cannot modify header information - headers already sent by (output started at /home/a/aleks9sw/tpolis.aleks9sw.beget.tech/public_html/wp-content/themes/untheme/inc/color-palette.php:1) in /home/a/aleks9sw/tpolis.aleks9sw.beget.tech/public_html/wp-includes/pluggable.php on line 1453
[14-Aug-2025 20:15:52 UTC] PHP Warning:  Undefined variable $thumb_full in /home/a/aleks9sw/tpolis.aleks9sw.beget.tech/public_html/wp-content/themes/untheme/template-parts/project-item.php on line 31
[14-Aug-2025 20:15:52 UTC] PHP Deprecated:  ltrim(): Passing null to parameter #1 ($string) of type string is deprecated in /home/a/aleks9sw/tpolis.aleks9sw.beget.tech/public_html/wp-includes/formatting.php on line 4486
[14-Aug-2025 20:15:52 UTC] PHP Warning:  Undefined variable $thumb_full in /home/a/aleks9sw/tpolis.aleks9sw.beget.tech/public_html/wp-content/themes/untheme/template-parts/project-item.php on line 31
[14-Aug-2025 20:15:52 UTC] PHP Deprecated:  ltrim(): Passing null to parameter #1 ($string) of type string is deprecated in /home/a/aleks9sw/tpolis.aleks9sw.beget.tech/public_html/wp-includes/formatting.php on line 4486
[14-Aug-2025 20:15:52 UTC] PHP Warning:  Undefined variable $thumb_full in /home/a/aleks9sw/tpolis.aleks9sw.beget.tech/public_html/wp-content/themes/untheme/template-parts/project-item.php on line 31
[14-Aug-2025 20:15:52 UTC] PHP Deprecated:  ltrim(): Passing null to parameter #1 ($string) of type string is deprecated in /home/a/aleks9sw/tpolis.aleks9sw.beget.tech/public_html/wp-includes/formatting.php on line 4486
[14-Aug-2025 20:15:52 UTC] PHP Warning:  Undefined variable $thumb_full in /home/a/aleks9sw/tpolis.aleks9sw.beget.tech/public_html/wp-content/themes/untheme/template-parts/project-item.php on line 31
[14-Aug-2025 20:15:52 UTC] PHP Deprecated:  ltrim(): Passing null to parameter #1 ($string) of type string is deprecated in /home/a/aleks9sw/tpolis.aleks9sw.beget.tech/public_html/wp-includes/formatting.php on line 4486
[14-Aug-2025 20:17:56 UTC] PHP Warning:  Undefined variable $thumb_full in /home/a/aleks9sw/tpolis.aleks9sw.beget.tech/public_html/wp-content/themes/untheme/template-parts/project-item.php on line 31
[14-Aug-2025 20:17:56 UTC] PHP Deprecated:  ltrim(): Passing null to parameter #1 ($string) of type string is deprecated in /home/a/aleks9sw/tpolis.aleks9sw.beget.tech/public_html/wp-includes/formatting.php on line 4486
[14-Aug-2025 20:17:56 UTC] PHP Warning:  Undefined variable $thumb_full in /home/a/aleks9sw/tpolis.aleks9sw.beget.tech/public_html/wp-content/themes/untheme/template-parts/project-item.php on line 31
[14-Aug-2025 20:17:56 UTC] PHP Deprecated:  ltrim(): Passing null to parameter #1 ($string) of type string is deprecated in /home/a/aleks9sw/tpolis.aleks9sw.beget.tech/public_html/wp-includes/formatting.php on line 4486
[14-Aug-2025 20:17:56 UTC] PHP Warning:  Undefined variable $thumb_full in /home/a/aleks9sw/tpolis.aleks9sw.beget.tech/public_html/wp-content/themes/untheme/template-parts/project-item.php on line 31
[14-Aug-2025 20:17:56 UTC] PHP Deprecated:  ltrim(): Passing null to parameter #1 ($string) of type string is deprecated in /home/a/aleks9sw/tpolis.aleks9sw.beget.tech/public_html/wp-includes/formatting.php on line 4486
[14-Aug-2025 20:17:56 UTC] PHP Warning:  Undefined variable $thumb_full in /home/a/aleks9sw/tpolis.aleks9sw.beget.tech/public_html/wp-content/themes/untheme/template-parts/project-item.php on line 31
[14-Aug-2025 20:17:56 UTC] PHP Deprecated:  ltrim(): Passing null to parameter #1 ($string) of type string is deprecated in /home/a/aleks9sw/tpolis.aleks9sw.beget.tech/public_html/wp-includes/formatting.php on line 4486
[14-Aug-2025 20:18:08 UTC] PHP Warning:  Undefined variable $thumb_full in /home/a/aleks9sw/tpolis.aleks9sw.beget.tech/public_html/wp-content/themes/untheme/template-parts/project-item.php on line 31
[14-Aug-2025 20:18:08 UTC] PHP Deprecated:  ltrim(): Passing null to parameter #1 ($string) of type string is deprecated in /home/a/aleks9sw/tpolis.aleks9sw.beget.tech/public_html/wp-includes/formatting.php on line 4486
[14-Aug-2025 20:18:08 UTC] PHP Warning:  Undefined variable $thumb_full in /home/a/aleks9sw/tpolis.aleks9sw.beget.tech/public_html/wp-content/themes/untheme/template-parts/project-item.php on line 31
[14-Aug-2025 20:18:08 UTC] PHP Deprecated:  ltrim(): Passing null to parameter #1 ($string) of type string is deprecated in /home/a/aleks9sw/tpolis.aleks9sw.beget.tech/public_html/wp-includes/formatting.php on line 4486
[14-Aug-2025 20:18:08 UTC] PHP Warning:  Undefined variable $thumb_full in /home/a/aleks9sw/tpolis.aleks9sw.beget.tech/public_html/wp-content/themes/untheme/template-parts/project-item.php on line 31
[14-Aug-2025 20:18:08 UTC] PHP Deprecated:  ltrim(): Passing null to parameter #1 ($string) of type string is deprecated in /home/a/aleks9sw/tpolis.aleks9sw.beget.tech/public_html/wp-includes/formatting.php on line 4486
[14-Aug-2025 20:18:08 UTC] PHP Warning:  Undefined variable $thumb_full in /home/a/aleks9sw/tpolis.aleks9sw.beget.tech/public_html/wp-content/themes/untheme/template-parts/project-item.php on line 31
[14-Aug-2025 20:18:08 UTC] PHP Deprecated:  ltrim(): Passing null to parameter #1 ($string) of type string is deprecated in /home/a/aleks9sw/tpolis.aleks9sw.beget.tech/public_html/wp-includes/formatting.php on line 4486
[14-Aug-2025 20:21:37 UTC] PHP Warning:  Undefined variable $thumb_full in /home/a/aleks9sw/tpolis.aleks9sw.beget.tech/public_html/wp-content/themes/untheme/template-parts/project-item.php on line 31
[14-Aug-2025 20:21:37 UTC] PHP Deprecated:  ltrim(): Passing null to parameter #1 ($string) of type string is deprecated in /home/a/aleks9sw/tpolis.aleks9sw.beget.tech/public_html/wp-includes/formatting.php on line 4486
[14-Aug-2025 20:21:37 UTC] PHP Warning:  Undefined variable $thumb_full in /home/a/aleks9sw/tpolis.aleks9sw.beget.tech/public_html/wp-content/themes/untheme/template-parts/project-item.php on line 31
[14-Aug-2025 20:21:37 UTC] PHP Deprecated:  ltrim(): Passing null to parameter #1 ($string) of type string is deprecated in /home/a/aleks9sw/tpolis.aleks9sw.beget.tech/public_html/wp-includes/formatting.php on line 4486
[14-Aug-2025 20:24:30 UTC] PHP Warning:  Undefined variable $thumb_full in /home/a/aleks9sw/tpolis.aleks9sw.beget.tech/public_html/wp-content/themes/untheme/template-parts/project-item.php on line 31
[14-Aug-2025 20:24:30 UTC] PHP Deprecated:  ltrim(): Passing null to parameter #1 ($string) of type string is deprecated in /home/a/aleks9sw/tpolis.aleks9sw.beget.tech/public_html/wp-includes/formatting.php on line 4486
[14-Aug-2025 20:24:30 UTC] PHP Warning:  Undefined variable $thumb_full in /home/a/aleks9sw/tpolis.aleks9sw.beget.tech/public_html/wp-content/themes/untheme/template-parts/project-item.php on line 31
[14-Aug-2025 20:24:30 UTC] PHP Deprecated:  ltrim(): Passing null to parameter #1 ($string) of type string is deprecated in /home/a/aleks9sw/tpolis.aleks9sw.beget.tech/public_html/wp-includes/formatting.php on line 4486
[14-Aug-2025 20:24:32 UTC] PHP Warning:  Undefined variable $thumb_full in /home/a/aleks9sw/tpolis.aleks9sw.beget.tech/public_html/wp-content/themes/untheme/template-parts/project-item.php on line 31
[14-Aug-2025 20:24:32 UTC] PHP Deprecated:  ltrim(): Passing null to parameter #1 ($string) of type string is deprecated in /home/a/aleks9sw/tpolis.aleks9sw.beget.tech/public_html/wp-includes/formatting.php on line 4486
[14-Aug-2025 20:24:33 UTC] PHP Warning:  Undefined variable $thumb_full in /home/a/aleks9sw/tpolis.aleks9sw.beget.tech/public_html/wp-content/themes/untheme/template-parts/project-item.php on line 31
[14-Aug-2025 20:24:33 UTC] PHP Deprecated:  ltrim(): Passing null to parameter #1 ($string) of type string is deprecated in /home/a/aleks9sw/tpolis.aleks9sw.beget.tech/public_html/wp-includes/formatting.php on line 4486
[14-Aug-2025 20:29:03 UTC] PHP Warning:  Undefined variable $thumb_full in /home/a/aleks9sw/tpolis.aleks9sw.beget.tech/public_html/wp-content/themes/untheme/template-parts/project-item.php on line 31
[14-Aug-2025 20:29:03 UTC] PHP Deprecated:  ltrim(): Passing null to parameter #1 ($string) of type string is deprecated in /home/a/aleks9sw/tpolis.aleks9sw.beget.tech/public_html/wp-includes/formatting.php on line 4486
[14-Aug-2025 20:29:03 UTC] PHP Warning:  Undefined variable $thumb_full in /home/a/aleks9sw/tpolis.aleks9sw.beget.tech/public_html/wp-content/themes/untheme/template-parts/project-item.php on line 31
[14-Aug-2025 20:29:03 UTC] PHP Deprecated:  ltrim(): Passing null to parameter #1 ($string) of type string is deprecated in /home/a/aleks9sw/tpolis.aleks9sw.beget.tech/public_html/wp-includes/formatting.php on line 4486
[14-Aug-2025 20:43:16 UTC] PHP Warning:  Undefined variable $thumb_full in /home/a/aleks9sw/tpolis.aleks9sw.beget.tech/public_html/wp-content/themes/untheme/template-parts/project-item.php on line 31
[14-Aug-2025 20:43:16 UTC] PHP Deprecated:  ltrim(): Passing null to parameter #1 ($string) of type string is deprecated in /home/a/aleks9sw/tpolis.aleks9sw.beget.tech/public_html/wp-includes/formatting.php on line 4486
[14-Aug-2025 20:43:16 UTC] PHP Warning:  Undefined variable $thumb_full in /home/a/aleks9sw/tpolis.aleks9sw.beget.tech/public_html/wp-content/themes/untheme/template-parts/project-item.php on line 31
[14-Aug-2025 20:43:16 UTC] PHP Deprecated:  ltrim(): Passing null to parameter #1 ($string) of type string is deprecated in /home/a/aleks9sw/tpolis.aleks9sw.beget.tech/public_html/wp-includes/formatting.php on line 4486
[14-Aug-2025 20:43:16 UTC] PHP Warning:  Undefined variable $thumb_full in /home/a/aleks9sw/tpolis.aleks9sw.beget.tech/public_html/wp-content/themes/untheme/template-parts/project-item.php on line 31
[14-Aug-2025 20:43:16 UTC] PHP Deprecated:  ltrim(): Passing null to parameter #1 ($string) of type string is deprecated in /home/a/aleks9sw/tpolis.aleks9sw.beget.tech/public_html/wp-includes/formatting.php on line 4486
[14-Aug-2025 20:43:16 UTC] PHP Warning:  Undefined variable $thumb_full in /home/a/aleks9sw/tpolis.aleks9sw.beget.tech/public_html/wp-content/themes/untheme/template-parts/project-item.php on line 31
[14-Aug-2025 20:43:16 UTC] PHP Deprecated:  ltrim(): Passing null to parameter #1 ($string) of type string is deprecated in /home/a/aleks9sw/tpolis.aleks9sw.beget.tech/public_html/wp-includes/formatting.php on line 4486
[14-Aug-2025 20:43:19 UTC] PHP Warning:  Undefined variable $thumb_full in /home/a/aleks9sw/tpolis.aleks9sw.beget.tech/public_html/wp-content/themes/untheme/template-parts/project-item.php on line 31
[14-Aug-2025 20:43:19 UTC] PHP Deprecated:  ltrim(): Passing null to parameter #1 ($string) of type string is deprecated in /home/a/aleks9sw/tpolis.aleks9sw.beget.tech/public_html/wp-includes/formatting.php on line 4486
[14-Aug-2025 20:43:22 UTC] PHP Warning:  Undefined variable $thumb_full in /home/a/aleks9sw/tpolis.aleks9sw.beget.tech/public_html/wp-content/themes/untheme/template-parts/project-item.php on line 31
[14-Aug-2025 20:43:22 UTC] PHP Deprecated:  ltrim(): Passing null to parameter #1 ($string) of type string is deprecated in /home/a/aleks9sw/tpolis.aleks9sw.beget.tech/public_html/wp-includes/formatting.php on line 4486
[14-Aug-2025 20:43:22 UTC] PHP Warning:  Undefined variable $thumb_full in /home/a/aleks9sw/tpolis.aleks9sw.beget.tech/public_html/wp-content/themes/untheme/template-parts/project-item.php on line 31
[14-Aug-2025 20:43:22 UTC] PHP Deprecated:  ltrim(): Passing null to parameter #1 ($string) of type string is deprecated in /home/a/aleks9sw/tpolis.aleks9sw.beget.tech/public_html/wp-includes/formatting.php on line 4486
[14-Aug-2025 20:43:22 UTC] PHP Warning:  Undefined variable $thumb_full in /home/a/aleks9sw/tpolis.aleks9sw.beget.tech/public_html/wp-content/themes/untheme/template-parts/project-item.php on line 31
[14-Aug-2025 20:43:22 UTC] PHP Deprecated:  ltrim(): Passing null to parameter #1 ($string) of type string is deprecated in /home/a/aleks9sw/tpolis.aleks9sw.beget.tech/public_html/wp-includes/formatting.php on line 4486
[14-Aug-2025 20:43:22 UTC] PHP Warning:  Undefined variable $thumb_full in /home/a/aleks9sw/tpolis.aleks9sw.beget.tech/public_html/wp-content/themes/untheme/template-parts/project-item.php on line 31
[14-Aug-2025 20:43:22 UTC] PHP Deprecated:  ltrim(): Passing null to parameter #1 ($string) of type string is deprecated in /home/a/aleks9sw/tpolis.aleks9sw.beget.tech/public_html/wp-includes/formatting.php on line 4486
[15-Aug-2025 05:18:17 UTC] Automatic updates starting...
[15-Aug-2025 05:18:18 UTC]   Automatic plugin updates starting...
[15-Aug-2025 05:18:18 UTC]   Automatic plugin updates complete.
[15-Aug-2025 05:18:18 UTC]   Automatic theme updates starting...
[15-Aug-2025 05:18:18 UTC]   Automatic theme updates complete.
[15-Aug-2025 05:18:18 UTC] Automatic updates complete.
[15-Aug-2025 06:10:53 UTC] PHP Warning:  Undefined variable $thumb_full in /home/a/aleks9sw/tpolis.aleks9sw.beget.tech/public_html/wp-content/themes/untheme/template-parts/project-item.php on line 31
[15-Aug-2025 06:10:53 UTC] PHP Deprecated:  ltrim(): Passing null to parameter #1 ($string) of type string is deprecated in /home/a/aleks9sw/tpolis.aleks9sw.beget.tech/public_html/wp-includes/formatting.php on line 4486
[15-Aug-2025 06:10:53 UTC] PHP Warning:  Undefined variable $thumb_full in /home/a/aleks9sw/tpolis.aleks9sw.beget.tech/public_html/wp-content/themes/untheme/template-parts/project-item.php on line 31
[15-Aug-2025 06:10:53 UTC] PHP Deprecated:  ltrim(): Passing null to parameter #1 ($string) of type string is deprecated in /home/a/aleks9sw/tpolis.aleks9sw.beget.tech/public_html/wp-includes/formatting.php on line 4486
[15-Aug-2025 06:10:53 UTC] PHP Warning:  Undefined variable $thumb_full in /home/a/aleks9sw/tpolis.aleks9sw.beget.tech/public_html/wp-content/themes/untheme/template-parts/project-item.php on line 31
[15-Aug-2025 06:10:53 UTC] PHP Deprecated:  ltrim(): Passing null to parameter #1 ($string) of type string is deprecated in /home/a/aleks9sw/tpolis.aleks9sw.beget.tech/public_html/wp-includes/formatting.php on line 4486
[15-Aug-2025 06:10:53 UTC] PHP Warning:  Undefined variable $thumb_full in /home/a/aleks9sw/tpolis.aleks9sw.beget.tech/public_html/wp-content/themes/untheme/template-parts/project-item.php on line 31
[15-Aug-2025 06:10:53 UTC] PHP Deprecated:  ltrim(): Passing null to parameter #1 ($string) of type string is deprecated in /home/a/aleks9sw/tpolis.aleks9sw.beget.tech/public_html/wp-includes/formatting.php on line 4486
[15-Aug-2025 06:10:53 UTC] PHP Warning:  Undefined variable $thumb_full in /home/a/aleks9sw/tpolis.aleks9sw.beget.tech/public_html/wp-content/themes/untheme/template-parts/project-item.php on line 31
[15-Aug-2025 06:10:53 UTC] PHP Deprecated:  ltrim(): Passing null to parameter #1 ($string) of type string is deprecated in /home/a/aleks9sw/tpolis.aleks9sw.beget.tech/public_html/wp-includes/formatting.php on line 4486
[15-Aug-2025 06:10:55 UTC] PHP Warning:  Undefined variable $thumb_full in /home/a/aleks9sw/tpolis.aleks9sw.beget.tech/public_html/wp-content/themes/untheme/template-parts/project-item.php on line 31
[15-Aug-2025 06:10:55 UTC] PHP Deprecated:  ltrim(): Passing null to parameter #1 ($string) of type string is deprecated in /home/a/aleks9sw/tpolis.aleks9sw.beget.tech/public_html/wp-includes/formatting.php on line 4486
[15-Aug-2025 06:10:56 UTC] PHP Warning:  Undefined variable $thumb_full in /home/a/aleks9sw/tpolis.aleks9sw.beget.tech/public_html/wp-content/themes/untheme/template-parts/project-item.php on line 31
[15-Aug-2025 06:10:56 UTC] PHP Deprecated:  ltrim(): Passing null to parameter #1 ($string) of type string is deprecated in /home/a/aleks9sw/tpolis.aleks9sw.beget.tech/public_html/wp-includes/formatting.php on line 4486
[15-Aug-2025 06:10:56 UTC] PHP Warning:  Undefined variable $thumb_full in /home/a/aleks9sw/tpolis.aleks9sw.beget.tech/public_html/wp-content/themes/untheme/template-parts/project-item.php on line 31
[15-Aug-2025 06:10:56 UTC] PHP Deprecated:  ltrim(): Passing null to parameter #1 ($string) of type string is deprecated in /home/a/aleks9sw/tpolis.aleks9sw.beget.tech/public_html/wp-includes/formatting.php on line 4486
[15-Aug-2025 06:10:56 UTC] PHP Warning:  Undefined variable $thumb_full in /home/a/aleks9sw/tpolis.aleks9sw.beget.tech/public_html/wp-content/themes/untheme/template-parts/project-item.php on line 31
[15-Aug-2025 06:10:56 UTC] PHP Deprecated:  ltrim(): Passing null to parameter #1 ($string) of type string is deprecated in /home/a/aleks9sw/tpolis.aleks9sw.beget.tech/public_html/wp-includes/formatting.php on line 4486
[15-Aug-2025 06:10:56 UTC] PHP Warning:  Undefined variable $thumb_full in /home/a/aleks9sw/tpolis.aleks9sw.beget.tech/public_html/wp-content/themes/untheme/template-parts/project-item.php on line 31
[15-Aug-2025 06:10:56 UTC] PHP Deprecated:  ltrim(): Passing null to parameter #1 ($string) of type string is deprecated in /home/a/aleks9sw/tpolis.aleks9sw.beget.tech/public_html/wp-includes/formatting.php on line 4486
[15-Aug-2025 06:10:56 UTC] PHP Warning:  Undefined variable $thumb_full in /home/a/aleks9sw/tpolis.aleks9sw.beget.tech/public_html/wp-content/themes/untheme/template-parts/project-item.php on line 31
[15-Aug-2025 06:10:56 UTC] PHP Deprecated:  ltrim(): Passing null to parameter #1 ($string) of type string is deprecated in /home/a/aleks9sw/tpolis.aleks9sw.beget.tech/public_html/wp-includes/formatting.php on line 4486
[15-Aug-2025 06:10:57 UTC] PHP Warning:  Undefined variable $thumb_full in /home/a/aleks9sw/tpolis.aleks9sw.beget.tech/public_html/wp-content/themes/untheme/template-parts/project-item.php on line 31
[15-Aug-2025 06:10:57 UTC] PHP Deprecated:  ltrim(): Passing null to parameter #1 ($string) of type string is deprecated in /home/a/aleks9sw/tpolis.aleks9sw.beget.tech/public_html/wp-includes/formatting.php on line 4486
[15-Aug-2025 06:10:58 UTC] PHP Warning:  Undefined variable $thumb_full in /home/a/aleks9sw/tpolis.aleks9sw.beget.tech/public_html/wp-content/themes/untheme/template-parts/project-item.php on line 31
[15-Aug-2025 06:10:58 UTC] PHP Deprecated:  ltrim(): Passing null to parameter #1 ($string) of type string is deprecated in /home/a/aleks9sw/tpolis.aleks9sw.beget.tech/public_html/wp-includes/formatting.php on line 4486
[15-Aug-2025 06:13:17 UTC] PHP Warning:  Undefined variable $thumb_full in /home/a/aleks9sw/tpolis.aleks9sw.beget.tech/public_html/wp-content/themes/untheme/template-parts/project-item.php on line 31
[15-Aug-2025 06:13:17 UTC] PHP Deprecated:  ltrim(): Passing null to parameter #1 ($string) of type string is deprecated in /home/a/aleks9sw/tpolis.aleks9sw.beget.tech/public_html/wp-includes/formatting.php on line 4486
[15-Aug-2025 06:13:17 UTC] PHP Warning:  Undefined variable $thumb_full in /home/a/aleks9sw/tpolis.aleks9sw.beget.tech/public_html/wp-content/themes/untheme/template-parts/project-item.php on line 31
[15-Aug-2025 06:13:17 UTC] PHP Deprecated:  ltrim(): Passing null to parameter #1 ($string) of type string is deprecated in /home/a/aleks9sw/tpolis.aleks9sw.beget.tech/public_html/wp-includes/formatting.php on line 4486
[15-Aug-2025 06:13:17 UTC] PHP Warning:  Undefined variable $thumb_full in /home/a/aleks9sw/tpolis.aleks9sw.beget.tech/public_html/wp-content/themes/untheme/template-parts/project-item.php on line 31
[15-Aug-2025 06:13:17 UTC] PHP Deprecated:  ltrim(): Passing null to parameter #1 ($string) of type string is deprecated in /home/a/aleks9sw/tpolis.aleks9sw.beget.tech/public_html/wp-includes/formatting.php on line 4486
[15-Aug-2025 06:13:17 UTC] PHP Warning:  Undefined variable $thumb_full in /home/a/aleks9sw/tpolis.aleks9sw.beget.tech/public_html/wp-content/themes/untheme/template-parts/project-item.php on line 31
[15-Aug-2025 06:13:17 UTC] PHP Deprecated:  ltrim(): Passing null to parameter #1 ($string) of type string is deprecated in /home/a/aleks9sw/tpolis.aleks9sw.beget.tech/public_html/wp-includes/formatting.php on line 4486
[15-Aug-2025 06:13:17 UTC] PHP Warning:  Undefined variable $thumb_full in /home/a/aleks9sw/tpolis.aleks9sw.beget.tech/public_html/wp-content/themes/untheme/template-parts/project-item.php on line 31
[15-Aug-2025 06:13:17 UTC] PHP Deprecated:  ltrim(): Passing null to parameter #1 ($string) of type string is deprecated in /home/a/aleks9sw/tpolis.aleks9sw.beget.tech/public_html/wp-includes/formatting.php on line 4486
[15-Aug-2025 06:13:19 UTC] PHP Warning:  Undefined variable $thumb_full in /home/a/aleks9sw/tpolis.aleks9sw.beget.tech/public_html/wp-content/themes/untheme/template-parts/project-item.php on line 31
[15-Aug-2025 06:13:19 UTC] PHP Deprecated:  ltrim(): Passing null to parameter #1 ($string) of type string is deprecated in /home/a/aleks9sw/tpolis.aleks9sw.beget.tech/public_html/wp-includes/formatting.php on line 4486
[15-Aug-2025 06:13:20 UTC] PHP Warning:  Undefined variable $thumb_full in /home/a/aleks9sw/tpolis.aleks9sw.beget.tech/public_html/wp-content/themes/untheme/template-parts/project-item.php on line 31
[15-Aug-2025 06:13:20 UTC] PHP Deprecated:  ltrim(): Passing null to parameter #1 ($string) of type string is deprecated in /home/a/aleks9sw/tpolis.aleks9sw.beget.tech/public_html/wp-includes/formatting.php on line 4486
[15-Aug-2025 06:13:20 UTC] PHP Warning:  Undefined variable $thumb_full in /home/a/aleks9sw/tpolis.aleks9sw.beget.tech/public_html/wp-content/themes/untheme/template-parts/project-item.php on line 31
[15-Aug-2025 06:13:20 UTC] PHP Deprecated:  ltrim(): Passing null to parameter #1 ($string) of type string is deprecated in /home/a/aleks9sw/tpolis.aleks9sw.beget.tech/public_html/wp-includes/formatting.php on line 4486
[15-Aug-2025 06:13:22 UTC] PHP Warning:  Undefined variable $thumb_full in /home/a/aleks9sw/tpolis.aleks9sw.beget.tech/public_html/wp-content/themes/untheme/template-parts/project-item.php on line 31
[15-Aug-2025 06:13:22 UTC] PHP Deprecated:  ltrim(): Passing null to parameter #1 ($string) of type string is deprecated in /home/a/aleks9sw/tpolis.aleks9sw.beget.tech/public_html/wp-includes/formatting.php on line 4486
[15-Aug-2025 06:13:22 UTC] PHP Warning:  Undefined variable $thumb_full in /home/a/aleks9sw/tpolis.aleks9sw.beget.tech/public_html/wp-content/themes/untheme/template-parts/project-item.php on line 31
[15-Aug-2025 06:13:22 UTC] PHP Deprecated:  ltrim(): Passing null to parameter #1 ($string) of type string is deprecated in /home/a/aleks9sw/tpolis.aleks9sw.beget.tech/public_html/wp-includes/formatting.php on line 4486
[15-Aug-2025 06:13:24 UTC] PHP Warning:  Undefined variable $thumb_full in /home/a/aleks9sw/tpolis.aleks9sw.beget.tech/public_html/wp-content/themes/untheme/template-parts/project-item.php on line 31
[15-Aug-2025 06:13:24 UTC] PHP Deprecated:  ltrim(): Passing null to parameter #1 ($string) of type string is deprecated in /home/a/aleks9sw/tpolis.aleks9sw.beget.tech/public_html/wp-includes/formatting.php on line 4486
[15-Aug-2025 06:13:58 UTC] PHP Warning:  Undefined variable $thumb_full in /home/a/aleks9sw/tpolis.aleks9sw.beget.tech/public_html/wp-content/themes/untheme/template-parts/project-item.php on line 31
[15-Aug-2025 06:13:58 UTC] PHP Deprecated:  ltrim(): Passing null to parameter #1 ($string) of type string is deprecated in /home/a/aleks9sw/tpolis.aleks9sw.beget.tech/public_html/wp-includes/formatting.php on line 4486
[15-Aug-2025 06:13:58 UTC] PHP Warning:  Undefined variable $thumb_full in /home/a/aleks9sw/tpolis.aleks9sw.beget.tech/public_html/wp-content/themes/untheme/template-parts/project-item.php on line 31
[15-Aug-2025 06:13:58 UTC] PHP Deprecated:  ltrim(): Passing null to parameter #1 ($string) of type string is deprecated in /home/a/aleks9sw/tpolis.aleks9sw.beget.tech/public_html/wp-includes/formatting.php on line 4486
[15-Aug-2025 06:13:58 UTC] PHP Warning:  Undefined variable $thumb_full in /home/a/aleks9sw/tpolis.aleks9sw.beget.tech/public_html/wp-content/themes/untheme/template-parts/project-item.php on line 31
[15-Aug-2025 06:13:58 UTC] PHP Deprecated:  ltrim(): Passing null to parameter #1 ($string) of type string is deprecated in /home/a/aleks9sw/tpolis.aleks9sw.beget.tech/public_html/wp-includes/formatting.php on line 4486
[15-Aug-2025 06:13:58 UTC] PHP Warning:  Undefined variable $thumb_full in /home/a/aleks9sw/tpolis.aleks9sw.beget.tech/public_html/wp-content/themes/untheme/template-parts/project-item.php on line 31
[15-Aug-2025 06:13:58 UTC] PHP Deprecated:  ltrim(): Passing null to parameter #1 ($string) of type string is deprecated in /home/a/aleks9sw/tpolis.aleks9sw.beget.tech/public_html/wp-includes/formatting.php on line 4486
[15-Aug-2025 06:13:58 UTC] PHP Warning:  Undefined variable $thumb_full in /home/a/aleks9sw/tpolis.aleks9sw.beget.tech/public_html/wp-content/themes/untheme/template-parts/project-item.php on line 31
[15-Aug-2025 06:13:58 UTC] PHP Deprecated:  ltrim(): Passing null to parameter #1 ($string) of type string is deprecated in /home/a/aleks9sw/tpolis.aleks9sw.beget.tech/public_html/wp-includes/formatting.php on line 4486
[15-Aug-2025 06:14:00 UTC] PHP Warning:  Undefined variable $thumb_full in /home/a/aleks9sw/tpolis.aleks9sw.beget.tech/public_html/wp-content/themes/untheme/template-parts/project-item.php on line 31
[15-Aug-2025 06:14:00 UTC] PHP Deprecated:  ltrim(): Passing null to parameter #1 ($string) of type string is deprecated in /home/a/aleks9sw/tpolis.aleks9sw.beget.tech/public_html/wp-includes/formatting.php on line 4486
[15-Aug-2025 06:14:01 UTC] PHP Warning:  Undefined variable $thumb_full in /home/a/aleks9sw/tpolis.aleks9sw.beget.tech/public_html/wp-content/themes/untheme/template-parts/project-item.php on line 31
[15-Aug-2025 06:14:01 UTC] PHP Deprecated:  ltrim(): Passing null to parameter #1 ($string) of type string is deprecated in /home/a/aleks9sw/tpolis.aleks9sw.beget.tech/public_html/wp-includes/formatting.php on line 4486
[15-Aug-2025 06:14:02 UTC] PHP Warning:  Undefined variable $thumb_full in /home/a/aleks9sw/tpolis.aleks9sw.beget.tech/public_html/wp-content/themes/untheme/template-parts/project-item.php on line 31
[15-Aug-2025 06:14:02 UTC] PHP Deprecated:  ltrim(): Passing null to parameter #1 ($string) of type string is deprecated in /home/a/aleks9sw/tpolis.aleks9sw.beget.tech/public_html/wp-includes/formatting.php on line 4486
[15-Aug-2025 06:14:02 UTC] PHP Warning:  Undefined variable $thumb_full in /home/a/aleks9sw/tpolis.aleks9sw.beget.tech/public_html/wp-content/themes/untheme/template-parts/project-item.php on line 31
[15-Aug-2025 06:14:02 UTC] PHP Deprecated:  ltrim(): Passing null to parameter #1 ($string) of type string is deprecated in /home/a/aleks9sw/tpolis.aleks9sw.beget.tech/public_html/wp-includes/formatting.php on line 4486
[15-Aug-2025 06:14:02 UTC] PHP Warning:  Undefined variable $thumb_full in /home/a/aleks9sw/tpolis.aleks9sw.beget.tech/public_html/wp-content/themes/untheme/template-parts/project-item.php on line 31
[15-Aug-2025 06:14:02 UTC] PHP Deprecated:  ltrim(): Passing null to parameter #1 ($string) of type string is deprecated in /home/a/aleks9sw/tpolis.aleks9sw.beget.tech/public_html/wp-includes/formatting.php on line 4486
[15-Aug-2025 06:14:02 UTC] PHP Warning:  Undefined variable $thumb_full in /home/a/aleks9sw/tpolis.aleks9sw.beget.tech/public_html/wp-content/themes/untheme/template-parts/project-item.php on line 31
[15-Aug-2025 06:14:02 UTC] PHP Deprecated:  ltrim(): Passing null to parameter #1 ($string) of type string is deprecated in /home/a/aleks9sw/tpolis.aleks9sw.beget.tech/public_html/wp-includes/formatting.php on line 4486
[15-Aug-2025 07:43:03 UTC] PHP Warning:  Undefined variable $thumb_full in /home/a/aleks9sw/tpolis.aleks9sw.beget.tech/public_html/wp-content/themes/untheme/template-parts/project-item.php on line 31
[15-Aug-2025 07:43:03 UTC] PHP Deprecated:  ltrim(): Passing null to parameter #1 ($string) of type string is deprecated in /home/a/aleks9sw/tpolis.aleks9sw.beget.tech/public_html/wp-includes/formatting.php on line 4486
[15-Aug-2025 07:43:03 UTC] PHP Warning:  Undefined variable $thumb_full in /home/a/aleks9sw/tpolis.aleks9sw.beget.tech/public_html/wp-content/themes/untheme/template-parts/project-item.php on line 31
[15-Aug-2025 07:43:03 UTC] PHP Deprecated:  ltrim(): Passing null to parameter #1 ($string) of type string is deprecated in /home/a/aleks9sw/tpolis.aleks9sw.beget.tech/public_html/wp-includes/formatting.php on line 4486
[15-Aug-2025 07:43:03 UTC] PHP Warning:  Undefined variable $thumb_full in /home/a/aleks9sw/tpolis.aleks9sw.beget.tech/public_html/wp-content/themes/untheme/template-parts/project-item.php on line 31
[15-Aug-2025 07:43:03 UTC] PHP Deprecated:  ltrim(): Passing null to parameter #1 ($string) of type string is deprecated in /home/a/aleks9sw/tpolis.aleks9sw.beget.tech/public_html/wp-includes/formatting.php on line 4486
[15-Aug-2025 07:43:03 UTC] PHP Warning:  Undefined variable $thumb_full in /home/a/aleks9sw/tpolis.aleks9sw.beget.tech/public_html/wp-content/themes/untheme/template-parts/project-item.php on line 31
[15-Aug-2025 07:43:03 UTC] PHP Deprecated:  ltrim(): Passing null to parameter #1 ($string) of type string is deprecated in /home/a/aleks9sw/tpolis.aleks9sw.beget.tech/public_html/wp-includes/formatting.php on line 4486
[15-Aug-2025 07:43:03 UTC] PHP Warning:  Undefined variable $thumb_full in /home/a/aleks9sw/tpolis.aleks9sw.beget.tech/public_html/wp-content/themes/untheme/template-parts/project-item.php on line 31
[15-Aug-2025 07:43:03 UTC] PHP Deprecated:  ltrim(): Passing null to parameter #1 ($string) of type string is deprecated in /home/a/aleks9sw/tpolis.aleks9sw.beget.tech/public_html/wp-includes/formatting.php on line 4486
[15-Aug-2025 07:43:07 UTC] PHP Warning:  Undefined variable $thumb_full in /home/a/aleks9sw/tpolis.aleks9sw.beget.tech/public_html/wp-content/themes/untheme/template-parts/project-item.php on line 31
[15-Aug-2025 07:43:07 UTC] PHP Deprecated:  ltrim(): Passing null to parameter #1 ($string) of type string is deprecated in /home/a/aleks9sw/tpolis.aleks9sw.beget.tech/public_html/wp-includes/formatting.php on line 4486
[15-Aug-2025 07:56:51 UTC] PHP Warning:  Undefined variable $thumb_full in /home/a/aleks9sw/tpolis.aleks9sw.beget.tech/public_html/wp-content/themes/untheme/template-parts/project-item.php on line 31
[15-Aug-2025 07:56:51 UTC] PHP Deprecated:  ltrim(): Passing null to parameter #1 ($string) of type string is deprecated in /home/a/aleks9sw/tpolis.aleks9sw.beget.tech/public_html/wp-includes/formatting.php on line 4486
[15-Aug-2025 07:56:51 UTC] PHP Warning:  Undefined variable $thumb_full in /home/a/aleks9sw/tpolis.aleks9sw.beget.tech/public_html/wp-content/themes/untheme/template-parts/project-item.php on line 31
[15-Aug-2025 07:56:51 UTC] PHP Deprecated:  ltrim(): Passing null to parameter #1 ($string) of type string is deprecated in /home/a/aleks9sw/tpolis.aleks9sw.beget.tech/public_html/wp-includes/formatting.php on line 4486
[15-Aug-2025 07:56:51 UTC] PHP Warning:  Undefined variable $thumb_full in /home/a/aleks9sw/tpolis.aleks9sw.beget.tech/public_html/wp-content/themes/untheme/template-parts/project-item.php on line 31
[15-Aug-2025 07:56:51 UTC] PHP Deprecated:  ltrim(): Passing null to parameter #1 ($string) of type string is deprecated in /home/a/aleks9sw/tpolis.aleks9sw.beget.tech/public_html/wp-includes/formatting.php on line 4486
[15-Aug-2025 07:56:51 UTC] PHP Warning:  Undefined variable $thumb_full in /home/a/aleks9sw/tpolis.aleks9sw.beget.tech/public_html/wp-content/themes/untheme/template-parts/project-item.php on line 31
[15-Aug-2025 07:56:51 UTC] PHP Deprecated:  ltrim(): Passing null to parameter #1 ($string) of type string is deprecated in /home/a/aleks9sw/tpolis.aleks9sw.beget.tech/public_html/wp-includes/formatting.php on line 4486
[15-Aug-2025 07:56:51 UTC] PHP Warning:  Undefined variable $thumb_full in /home/a/aleks9sw/tpolis.aleks9sw.beget.tech/public_html/wp-content/themes/untheme/template-parts/project-item.php on line 31
[15-Aug-2025 07:56:51 UTC] PHP Deprecated:  ltrim(): Passing null to parameter #1 ($string) of type string is deprecated in /home/a/aleks9sw/tpolis.aleks9sw.beget.tech/public_html/wp-includes/formatting.php on line 4486
[15-Aug-2025 10:32:11 UTC] PHP Warning:  Undefined variable $thumb_full in /home/a/aleks9sw/tpolis.aleks9sw.beget.tech/public_html/wp-content/themes/untheme/template-parts/project-item.php on line 31
[15-Aug-2025 10:32:11 UTC] PHP Deprecated:  ltrim(): Passing null to parameter #1 ($string) of type string is deprecated in /home/a/aleks9sw/tpolis.aleks9sw.beget.tech/public_html/wp-includes/formatting.php on line 4486
[15-Aug-2025 10:32:11 UTC] PHP Warning:  Undefined variable $thumb_full in /home/a/aleks9sw/tpolis.aleks9sw.beget.tech/public_html/wp-content/themes/untheme/template-parts/project-item.php on line 31
[15-Aug-2025 10:32:11 UTC] PHP Deprecated:  ltrim(): Passing null to parameter #1 ($string) of type string is deprecated in /home/a/aleks9sw/tpolis.aleks9sw.beget.tech/public_html/wp-includes/formatting.php on line 4486
[15-Aug-2025 10:32:11 UTC] PHP Warning:  Undefined variable $thumb_full in /home/a/aleks9sw/tpolis.aleks9sw.beget.tech/public_html/wp-content/themes/untheme/template-parts/project-item.php on line 31
[15-Aug-2025 10:32:11 UTC] PHP Deprecated:  ltrim(): Passing null to parameter #1 ($string) of type string is deprecated in /home/a/aleks9sw/tpolis.aleks9sw.beget.tech/public_html/wp-includes/formatting.php on line 4486
[15-Aug-2025 10:32:11 UTC] PHP Warning:  Undefined variable $thumb_full in /home/a/aleks9sw/tpolis.aleks9sw.beget.tech/public_html/wp-content/themes/untheme/template-parts/project-item.php on line 31
[15-Aug-2025 10:32:11 UTC] PHP Deprecated:  ltrim(): Passing null to parameter #1 ($string) of type string is deprecated in /home/a/aleks9sw/tpolis.aleks9sw.beget.tech/public_html/wp-includes/formatting.php on line 4486
[15-Aug-2025 10:32:11 UTC] PHP Warning:  Undefined variable $thumb_full in /home/a/aleks9sw/tpolis.aleks9sw.beget.tech/public_html/wp-content/themes/untheme/template-parts/project-item.php on line 31
[15-Aug-2025 10:32:11 UTC] PHP Deprecated:  ltrim(): Passing null to parameter #1 ($string) of type string is deprecated in /home/a/aleks9sw/tpolis.aleks9sw.beget.tech/public_html/wp-includes/formatting.php on line 4486
[15-Aug-2025 20:41:42 UTC] Automatic updates starting...
[15-Aug-2025 20:41:42 UTC]   Automatic plugin updates starting...
[15-Aug-2025 20:41:42 UTC]   Automatic plugin updates complete.
[15-Aug-2025 20:41:43 UTC]   Automatic theme updates starting...
[15-Aug-2025 20:41:43 UTC]   Automatic theme updates complete.
[15-Aug-2025 20:41:43 UTC] Automatic updates complete.
[17-Aug-2025 09:30:42 UTC] Automatic updates starting...
[17-Aug-2025 09:30:43 UTC]   Automatic plugin updates starting...
[17-Aug-2025 09:30:43 UTC]   Automatic plugin updates complete.
[17-Aug-2025 09:30:43 UTC]   Automatic theme updates starting...
[17-Aug-2025 09:30:43 UTC]   Automatic theme updates complete.
[17-Aug-2025 09:30:43 UTC] Automatic updates complete.
[17-Aug-2025 17:18:09 UTC] Automatic updates starting...
[17-Aug-2025 17:18:10 UTC]   Automatic plugin updates starting...
[17-Aug-2025 17:18:10 UTC]   Automatic plugin updates complete.
[17-Aug-2025 17:18:10 UTC]   Automatic theme updates starting...
[17-Aug-2025 17:18:10 UTC]   Automatic theme updates complete.
[17-Aug-2025 17:18:10 UTC] Automatic updates complete.
[18-Aug-2025 08:25:24 UTC] Automatic updates starting...
[18-Aug-2025 08:25:24 UTC]   Automatic plugin updates starting...
[18-Aug-2025 08:25:24 UTC]   Automatic plugin updates complete.
[18-Aug-2025 08:25:24 UTC]   Automatic theme updates starting...
[18-Aug-2025 08:25:24 UTC]   Automatic theme updates complete.
[18-Aug-2025 08:25:24 UTC] Automatic updates complete.
[18-Aug-2025 08:54:59 UTC] PHP Warning:  Undefined variable $thumb_full in /home/a/aleks9sw/tpolis.aleks9sw.beget.tech/public_html/wp-content/themes/untheme/template-parts/project-item.php on line 31
[18-Aug-2025 08:54:59 UTC] PHP Deprecated:  ltrim(): Passing null to parameter #1 ($string) of type string is deprecated in /home/a/aleks9sw/tpolis.aleks9sw.beget.tech/public_html/wp-includes/formatting.php on line 4486
[18-Aug-2025 08:54:59 UTC] PHP Warning:  Undefined variable $thumb_full in /home/a/aleks9sw/tpolis.aleks9sw.beget.tech/public_html/wp-content/themes/untheme/template-parts/project-item.php on line 31
[18-Aug-2025 08:54:59 UTC] PHP Deprecated:  ltrim(): Passing null to parameter #1 ($string) of type string is deprecated in /home/a/aleks9sw/tpolis.aleks9sw.beget.tech/public_html/wp-includes/formatting.php on line 4486
[18-Aug-2025 08:54:59 UTC] PHP Warning:  Undefined variable $thumb_full in /home/a/aleks9sw/tpolis.aleks9sw.beget.tech/public_html/wp-content/themes/untheme/template-parts/project-item.php on line 31
[18-Aug-2025 08:54:59 UTC] PHP Deprecated:  ltrim(): Passing null to parameter #1 ($string) of type string is deprecated in /home/a/aleks9sw/tpolis.aleks9sw.beget.tech/public_html/wp-includes/formatting.php on line 4486
[18-Aug-2025 08:54:59 UTC] PHP Warning:  Undefined variable $thumb_full in /home/a/aleks9sw/tpolis.aleks9sw.beget.tech/public_html/wp-content/themes/untheme/template-parts/project-item.php on line 31
[18-Aug-2025 08:54:59 UTC] PHP Deprecated:  ltrim(): Passing null to parameter #1 ($string) of type string is deprecated in /home/a/aleks9sw/tpolis.aleks9sw.beget.tech/public_html/wp-includes/formatting.php on line 4486
[18-Aug-2025 08:54:59 UTC] PHP Warning:  Undefined variable $thumb_full in /home/a/aleks9sw/tpolis.aleks9sw.beget.tech/public_html/wp-content/themes/untheme/template-parts/project-item.php on line 31
[18-Aug-2025 08:54:59 UTC] PHP Deprecated:  ltrim(): Passing null to parameter #1 ($string) of type string is deprecated in /home/a/aleks9sw/tpolis.aleks9sw.beget.tech/public_html/wp-includes/formatting.php on line 4486
[18-Aug-2025 17:38:56 UTC] Automatic updates starting...
[18-Aug-2025 17:38:57 UTC]   Automatic plugin updates starting...
[18-Aug-2025 17:38:57 UTC]   Automatic plugin updates complete.
[18-Aug-2025 17:38:57 UTC]   Automatic theme updates starting...
[18-Aug-2025 17:38:57 UTC]   Automatic theme updates complete.
[18-Aug-2025 17:38:57 UTC] Automatic updates complete.
[18-Aug-2025 18:05:17 UTC] PHP Warning:  Undefined variable $thumb_full in /home/a/aleks9sw/tpolis.aleks9sw.beget.tech/public_html/wp-content/themes/untheme/template-parts/project-item.php on line 31
[18-Aug-2025 18:05:17 UTC] PHP Deprecated:  ltrim(): Passing null to parameter #1 ($string) of type string is deprecated in /home/a/aleks9sw/tpolis.aleks9sw.beget.tech/public_html/wp-includes/formatting.php on line 4486
[18-Aug-2025 18:05:17 UTC] PHP Warning:  Undefined variable $thumb_full in /home/a/aleks9sw/tpolis.aleks9sw.beget.tech/public_html/wp-content/themes/untheme/template-parts/project-item.php on line 31
[18-Aug-2025 18:05:17 UTC] PHP Deprecated:  ltrim(): Passing null to parameter #1 ($string) of type string is deprecated in /home/a/aleks9sw/tpolis.aleks9sw.beget.tech/public_html/wp-includes/formatting.php on line 4486
[18-Aug-2025 18:05:17 UTC] PHP Warning:  Undefined variable $thumb_full in /home/a/aleks9sw/tpolis.aleks9sw.beget.tech/public_html/wp-content/themes/untheme/template-parts/project-item.php on line 31
[18-Aug-2025 18:05:17 UTC] PHP Deprecated:  ltrim(): Passing null to parameter #1 ($string) of type string is deprecated in /home/a/aleks9sw/tpolis.aleks9sw.beget.tech/public_html/wp-includes/formatting.php on line 4486
[18-Aug-2025 18:05:17 UTC] PHP Warning:  Undefined variable $thumb_full in /home/a/aleks9sw/tpolis.aleks9sw.beget.tech/public_html/wp-content/themes/untheme/template-parts/project-item.php on line 31
[18-Aug-2025 18:05:17 UTC] PHP Deprecated:  ltrim(): Passing null to parameter #1 ($string) of type string is deprecated in /home/a/aleks9sw/tpolis.aleks9sw.beget.tech/public_html/wp-includes/formatting.php on line 4486
[18-Aug-2025 18:05:17 UTC] PHP Warning:  Undefined variable $thumb_full in /home/a/aleks9sw/tpolis.aleks9sw.beget.tech/public_html/wp-content/themes/untheme/template-parts/project-item.php on line 31
[18-Aug-2025 18:05:17 UTC] PHP Deprecated:  ltrim(): Passing null to parameter #1 ($string) of type string is deprecated in /home/a/aleks9sw/tpolis.aleks9sw.beget.tech/public_html/wp-includes/formatting.php on line 4486
[19-Aug-2025 05:32:00 UTC] Automatic updates starting...
[19-Aug-2025 05:32:00 UTC]   Automatic plugin updates starting...
[19-Aug-2025 05:32:00 UTC]   Automatic plugin updates complete.
[19-Aug-2025 05:32:01 UTC]   Automatic theme updates starting...
[19-Aug-2025 05:32:01 UTC]   Automatic theme updates complete.
[19-Aug-2025 05:32:01 UTC] Automatic updates complete.
[19-Aug-2025 05:55:34 UTC] PHP Deprecated:  strip_tags(): Passing null to parameter #1 ($string) of type string is deprecated in /home/a/aleks9sw/tpolis.aleks9sw.beget.tech/public_html/wp-admin/admin-header.php on line 41
[19-Aug-2025 18:26:13 UTC] Automatic updates starting...
[19-Aug-2025 18:26:13 UTC]   Automatic plugin updates starting...
[19-Aug-2025 18:26:13 UTC]   Automatic plugin updates complete.
[19-Aug-2025 18:26:14 UTC]   Automatic theme updates starting...
[19-Aug-2025 18:26:14 UTC]   Automatic theme updates complete.
[19-Aug-2025 18:26:14 UTC] Automatic updates complete.
